{
  "stats": {
    "suites": 1,
    "tests": 1,
    "passes": 0,
    "pending": 0,
    "failures": 1,
    "start": "2022-02-08T19:50:33.080Z",
    "end": "2022-02-08T19:51:04.226Z",
    "duration": 31146,
    "testsRegistered": 1,
    "passPercent": 0,
    "pendingPercent": 0,
    "other": 0,
    "hasOther": false,
    "skipped": 0,
    "hasSkipped": false
  },
  "results": [
    {
      "uuid": "bc9835b2-d3ef-4145-901a-0020dfec3d30",
      "title": "",
      "fullFile": "cypress/integration/cucumber-features/login.feature",
      "file": "cypress/integration/cucumber-features/login.feature",
      "beforeHooks": [],
      "afterHooks": [],
      "tests": [],
      "suites": [
        {
          "uuid": "9ffc2eb4-8e1d-4666-a51e-4639577d99d5",
          "title": "Login Feauture Testing for Simplify Shopping",
          "fullFile": "",
          "file": "",
          "beforeHooks": [],
          "afterHooks": [],
          "tests": [
            {
              "title": "Login as an Admin",
              "fullTitle": "Login Feauture Testing for Simplify Shopping Login as an Admin",
              "timedOut": null,
              "duration": 15353,
              "state": "failed",
              "speed": null,
              "pass": false,
              "fail": true,
              "pending": false,
              "context": null,
              "code": "const state = window.testState;\nreturn cy\n  .then(() => state.onStartScenario(scenario, indexedSteps))\n  .then(() =>\n    resolveAndRunBeforeHooks.call(this, scenario.tags, state.feature.name)\n  )\n  .then(() =>\n    indexedSteps.forEach((step) =>\n      stepTest.call(this, state, step, rowData)\n    )\n  )\n  .then(() => state.onFinishScenario(scenario));",
              "err": {
                "message": "AssertionError: Timed out retrying after 4000ms: Expected to find content: 'Oops! Why you’re here?' but never did.",
                "estack": "AssertionError: Timed out retrying after 4000ms: Expected to find content: 'Oops! Why you’re here?' but never did.\n    at Context.eval (https://dev.simplifyshopping.com/__cypress/tests?p=cypress\\integration\\cucumber-features\\login.feature:64:41)\n    at Context.resolveAndRunStepDefinition (https://dev.simplifyshopping.com/__cypress/tests?p=cypress\\integration\\cucumber-features\\login.feature:10545:29)\n    at Context.eval (https://dev.simplifyshopping.com/__cypress/tests?p=cypress\\integration\\cucumber-features\\login.feature:9866:35)",
                "diff": null
              },
              "uuid": "49d12079-0f8a-4587-a766-2d97855017d2",
              "parentUUID": "9ffc2eb4-8e1d-4666-a51e-4639577d99d5",
              "isHook": false,
              "skipped": false
            }
          ],
          "suites": [],
          "passes": [],
          "failures": [
            "49d12079-0f8a-4587-a766-2d97855017d2"
          ],
          "pending": [],
          "skipped": [],
          "duration": 15353,
          "root": false,
          "rootEmpty": false,
          "_timeout": 2000
        }
      ],
      "passes": [],
      "failures": [],
      "pending": [],
      "skipped": [],
      "duration": 0,
      "root": true,
      "rootEmpty": true,
      "_timeout": 2000
    }
  ],
  "meta": {
    "mocha": {
      "version": "7.0.1"
    },
    "mochawesome": {
      "options": {
        "quiet": false,
        "reportFilename": "mochawesome",
        "saveHtml": false,
        "saveJson": true,
        "consoleReporter": "spec",
        "useInlineDiffs": false,
        "code": true
      },
      "version": "7.0.1"
    },
    "marge": {
      "options": {
        "reportDir": "cypress/results/mochAwesome",
        "overwrite": false,
        "html": false,
        "json": true
      },
      "version": "6.0.1"
    }
  }
}