{
  "stats": {
    "suites": 1,
    "tests": 1,
    "passes": 1,
    "pending": 0,
    "failures": 0,
    "start": "2022-02-08T01:35:08.528Z",
    "end": "2022-02-08T01:35:27.361Z",
    "duration": 18833,
    "testsRegistered": 1,
    "passPercent": 100,
    "pendingPercent": 0,
    "other": 0,
    "hasOther": false,
    "skipped": 0,
    "hasSkipped": false
  },
  "results": [
    {
      "uuid": "53bd5e47-bc5d-47ed-b730-9f5c34f754d2",
      "title": "",
      "fullFile": "cypress/integration/cucumber-features/login.feature",
      "file": "cypress/integration/cucumber-features/login.feature",
      "beforeHooks": [],
      "afterHooks": [],
      "tests": [],
      "suites": [
        {
          "uuid": "ea90a8a0-68de-4aa3-aa77-29be2b572e98",
          "title": "Login Feauture Testing for Simplify Shopping",
          "fullFile": "",
          "file": "",
          "beforeHooks": [],
          "afterHooks": [],
          "tests": [
            {
              "title": "Login as an Admin",
              "fullTitle": "Login Feauture Testing for Simplify Shopping Login as an Admin",
              "timedOut": null,
              "duration": 18711,
              "state": "passed",
              "speed": "slow",
              "pass": true,
              "fail": false,
              "pending": false,
              "context": null,
              "code": "const state = window.testState;\nreturn cy\n  .then(() => state.onStartScenario(scenario, indexedSteps))\n  .then(() =>\n    resolveAndRunBeforeHooks.call(this, scenario.tags, state.feature.name)\n  )\n  .then(() =>\n    indexedSteps.forEach((step) =>\n      stepTest.call(this, state, step, rowData)\n    )\n  )\n  .then(() => state.onFinishScenario(scenario));",
              "err": {},
              "uuid": "09424be9-2fe6-470e-96bb-c1e58bba9b3c",
              "parentUUID": "ea90a8a0-68de-4aa3-aa77-29be2b572e98",
              "isHook": false,
              "skipped": false
            }
          ],
          "suites": [],
          "passes": [
            "09424be9-2fe6-470e-96bb-c1e58bba9b3c"
          ],
          "failures": [],
          "pending": [],
          "skipped": [],
          "duration": 18711,
          "root": false,
          "rootEmpty": false,
          "_timeout": 2000
        }
      ],
      "passes": [],
      "failures": [],
      "pending": [],
      "skipped": [],
      "duration": 0,
      "root": true,
      "rootEmpty": true,
      "_timeout": 2000
    }
  ],
  "meta": {
    "mocha": {
      "version": "7.0.1"
    },
    "mochawesome": {
      "options": {
        "quiet": false,
        "reportFilename": "mochawesome",
        "saveHtml": false,
        "saveJson": true,
        "consoleReporter": "spec",
        "useInlineDiffs": false,
        "code": true
      },
      "version": "7.0.1"
    },
    "marge": {
      "options": {
        "reportDir": "cypress/results/mochAwesome",
        "overwrite": false,
        "html": false,
        "json": true
      },
      "version": "6.0.1"
    }
  }
}